<?xml version="1.0" encoding="UTF-8"?>
<!-- Generated by org.testng.reporters.JUnitReportReporter -->
<testsuite hostname="PhamDangHuy" failures="0" tests="1" name="HomeWork.Ex2" time="2.198" errors="0" timestamp="31 Jul 2022 14:20:47 GMT" skipped="0">
  <testcase classname="HomeWork.Ex2" name="doubleClick" time="2.198"/>
</testsuite> <!-- HomeWork.Ex2 -->
