<?xml version="1.0" encoding="UTF-8"?>
<!-- Generated by org.testng.reporters.JUnitReportReporter -->
<testsuite hostname="PhamDangHuy" failures="0" tests="1" name="Ex1" time="0.363" errors="0" timestamp="31 Jul 2022 13:43:32 GMT" skipped="0">
  <testcase classname="Ex1" name="dragAndDrop" time="0.363"/>
</testsuite> <!-- Ex1 -->
