<?xml version="1.0" encoding="UTF-8"?>
<!-- Generated by org.testng.reporters.JUnitReportReporter -->
<testsuite hostname="PhamDangHuy" failures="0" tests="3" name="demo.TestCase_03_CreateVIew" time="0.003" errors="0" timestamp="18 Jul 2022 15:10:14 GMT" skipped="0">
  <testcase classname="demo.TestCase_03_CreateVIew" name="test03" time="0.001"/>
  <testcase classname="demo.TestCase_03_CreateVIew" name="test03" time="0.001"/>
  <testcase classname="demo.TestCase_03_CreateVIew" name="test03" time="0.001"/>
</testsuite> <!-- demo.TestCase_03_CreateVIew -->
