<?xml version="1.0" encoding="UTF-8"?>
<!-- Generated by org.testng.reporters.JUnitReportReporter -->
<testsuite hostname="PhamDangHuy" failures="0" tests="1" name="com.r2s.testLogin" time="0.088" errors="0" timestamp="14 Jul 2022 14:49:37 GMT" skipped="0">
  <testcase classname="com.r2s.testLogin" name="TC_01_ValidateCurrentUrl" time="0.088"/>
</testsuite> <!-- com.r2s.testLogin -->
